Case #1:
 0 0 0 0 0 0 0 0 0 0 4 4 4 4 4 4 4 4 4 4
 0 0 0 0 0 0 0 0 0 0 4 4 4 4 4 4 4 4 4 4
 0 0 0 0 0 0 0 0 0 0 4 4 4 4 4 4 4 4 4 4
 0 0 0 0 0 0 0 0 0 0 4 4 4 4 4 4 4 4 4 4
 0 0 0 0 0 0 0 0 0 0 4 4 4 4 4 4 4 4 4 4
 0 0 0 0 0 0 0 0 0 0 4 4 4 4 4 4 4 4 4 4
 0 0 0 0 0 0 0 0 0 0 4 4 4 4 4 4 4 4 4 4
 0 0 0 0 0 0 0 0 0 0 4 4 4 4 4 4 4 4 4 4
 0 0 0 0 0 0 0 0 0 0 4 4 4 4 4 4 4 4 4 4
 0 0 0 0 0 0 0 0 0 0 4 4 4 4 4 4 4 4 4 4
 0 0 0 0 0 0 0 0 0 0 4 4 4 4 4 4 4 4 4 4
 0 0 0 0 0 0 0 0 0 0 4 4 4 4 4 4 4 4 4 4
 0 0 0 0 0 0 0 0 0 0 4 4 4 4 4 4 4 4 4 4
 0 0 0 0 0 0 0 0 0 0 4 4 4 4 4 4 4 4 4 4
 0 0 0 0 0 0 0 0 0 0 4 4 4 4 4 4 4 4 4 4
 0 0 0 0 0 0 0 0 0 0 4 4 4 4 4 4 4 4 4 4
 0 0 0 0 0 0 0 0 0 0 4 4 4 4 4 4 4 4 4 4
 0 0 0 0 0 0 0 0 0 0 4 4 4 4 4 4 4 4 4 4
 0 0 0 0 0 0 0 0 0 0 4 4 4 4 4 4 4 4 4 4
 0 0 0 0 0 0 0 0 0 0 4 4 4 4 4 4 4 4 4 4
Case #2:
 0 0 0 0 0 0 0 0 0 0 0 0 0 0 0 0 0 32 2 8
 0 0 0 0 0 0 0 0 0 0 0 0 0 0 4 4 8 4 1024 4
 0 0 0 0 0 0 0 0 0 0 0 0 0 0 4 16 512 64 128 256
 0 0 0 0 0 0 0 0 0 0 0 0 0 0 0 0 32 4 64 16
 0 0 0 0 0 0 0 0 0 0 256 4 8 1024 8 32 256 1024 8 2
 0 0 0 0 0 0 0 0 0 0 0 0 0 0 0 0 4 2 32 4
 0 0 0 0 0 0 0 0 0 0 0 0 0 0 0 1024 2 128 256 4
 0 0 0 0 0 0 0 0 0 0 0 0 0 0 0 4 4 1024 64 32
 0 0 0 0 0 0 0 0 0 0 0 0 0 0 0 32 512 8 1024 128
 0 0 0 0 0 0 0 0 0 0 0 0 256 32 2 8 16 64 2 256
 0 0 0 0 0 0 0 0 0 0 0 0 0 4 2 4 128 4 8 1024
 0 0 0 0 0 0 0 0 0 0 0 0 0 0 0 0 2 8 1024 8
 0 0 0 0 0 0 0 0 0 0 0 0 8 32 4 2 512 32 256 2
 0 0 0 0 0 0 0 0 0 0 0 0 0 0 0 0 128 4 2 128
 0 0 0 0 0 0 0 0 0 0 0 512 64 4 16 8 64 4 128 64
 0 0 0 0 0 0 0 0 0 0 0 0 0 0 512 128 32 1024 4 256
 0 0 0 0 0 0 0 0 0 0 0 0 0 64 16 8 1024 256 16 512
 0 0 0 0 0 0 0 0 0 0 0 0 0 0 0 0 0 16 2 4
 0 0 0 0 0 0 0 0 0 0 0 0 0 0 8 16 2 4 8 4
 0 0 0 0 0 0 0 0 0 0 0 0 0 0 0 64 16 32 2 4
